<?xml version="1.0" encoding="UTF-8"?>
<!-- Generated by org.testng.reporters.JUnitXMLReporter -->
<testsuite ignored="0" hostname="LAPTOP-IPVIQBVG" failures="0" tests="3" name="Default test" time="6.335" errors="0" timestamp="2025-02-04T10:38:43 GMT-05:00">
  <testcase classname="files.DynamicJson" name="AddBook" time="4.779"/>
  <testcase classname="files.DynamicJson" name="AddBook" time="1.216"/>
  <testcase classname="files.DynamicJson" name="AddBook" time="0.179"/>
</testsuite> <!-- Default test -->
